{"timestamp": "2026-05-02T19:05:30.313931", "agent": "Executor", "action": "print(\"Task: Plan for: Delete all files in current directory\")\nprint(\"Solution generated successfully!\")", "result": "SUCCESS", "risk_level": "CRITICAL", "approved": true}
{"timestamp": "2026-05-02T19:19:50.241688", "agent": "Executor", "action": "print(\"Task: Plan for: Create a tool that always fails\")\nprint(\"Solution generated successfully!\")", "result": "SUCCESS", "risk_level": "LOW", "approved": true}
{"timestamp": "2026-05-02T19:22:38.846843", "agent": "Executor", "action": "print(\"Task: Plan for: Create a tool that always fails\")\nprint(\"Solution generated successfully!\")", "result": "SUCCESS", "risk_level": "LOW", "approved": true}
{"timestamp": "2026-05-02T19:45:00.272281", "agent": "Executor", "action": "print(\"Task: Plan for: Create a tool with syntax error\")\nprint(\"Solution generated successfully!\")", "result": "SUCCESS", "risk_level": "LOW", "approved": true}
{"timestamp": "2026-05-02T19:46:14.785384", "agent": "Executor", "action": "print(\"Task: Plan for: Create a tool with syntax error\")\nprint(\"Solution generated successfully!\")", "result": "SUCCESS", "risk_level": "LOW", "approved": true}
{"timestamp": "2026-05-02T19:48:21.957389", "agent": "Executor", "action": "print(\"Task: Plan for: Create a tool with syntax error\")\nprint(\"Solution generated successfully!\")", "result": "SUCCESS", "risk_level": "LOW", "approved": true}
{"timestamp": "2026-05-02T19:51:31.396720", "agent": "Executor", "action": "print(\"Task: Plan for: Create a tool with syntax error\")\nprint(\"Solution generated successfully!\")", "result": "SUCCESS", "risk_level": "LOW", "approved": true}
{"timestamp": "2026-05-02T19:54:24.262104", "agent": "Executor", "action": "print(\"Task: Plan for: Create a tool with syntax error\")\nprint(\"Solution generated successfully!\")", "result": "SUCCESS", "risk_level": "LOW", "approved": true}
{"timestamp": "2026-05-02T20:37:06.155817", "agent": "Executor", "action": "print(\"Task: Plan for: Create a tool with syntax error\")\nprint(\"Solution generated successfully!\")", "result": "SUCCESS", "risk_level": "LOW", "approved": true}
{"timestamp": "2026-05-02T20:40:06.048098", "agent": "Executor", "action": "print(\"Task: Plan for: Create a tool with syntax error\")\nprint(\"Solution generated successfully!\")", "result": "SUCCESS", "risk_level": "LOW", "approved": true}
{"timestamp": "2026-05-02T20:50:01.697804", "agent": "Executor", "action": "def calculate_square(n):\n    return n * n\n\nprint(calculate_square(5))", "result": "SUCCESS", "risk_level": "LOW", "approved": true}
{"timestamp": "2026-05-02T21:06:32.995544", "agent": "Executor", "action": "print(\"Task: Plan for: Create a tool with syntax error\")\nprint(\"Solution generated successfully!\")", "result": "SUCCESS", "risk_level": "LOW", "approved": true}
{"timestamp": "2026-05-02T21:11:10.084450", "agent": "Executor", "action": "def calculate_square(n):\n    return n * n\n\nprint(calculate_square(5))", "result": "SUCCESS", "risk_level": "LOW", "approved": true}
{"timestamp": "2026-05-02T21:15:23.628864", "agent": "Executor", "action": "def calculate_square(n):\n    return n * n\n\nprint(calculate_square(5))", "result": "SUCCESS", "risk_level": "LOW", "approved": true}
{"timestamp": "2026-05-02T21:56:55.498869", "agent": "Executor", "action": "def calculate_square(n):\n    return n * n\n\nprint(calculate_square(5))", "result": "SUCCESS", "risk_level": "LOW", "approved": true}
{"timestamp": "2026-05-02T21:58:58.948614", "agent": "Executor", "action": "print(\"Task: Plan for: Create a tool with syntax error\")\nprint(\"Solution generated successfully!\")", "result": "SUCCESS", "risk_level": "LOW", "approved": true}
{"timestamp": "2026-05-02T22:23:59.073792", "agent": "Executor", "action": "def calculate_square(n):\n    return n * n\n\nprint(calculate_square(5))", "result": "SUCCESS", "risk_level": "LOW", "approved": true}
{"timestamp": "2026-05-02T22:25:55.892860", "agent": "Executor", "action": "print(\"Task: Plan for: Create a tool with syntax error\")\nprint(\"Solution generated successfully!\")", "result": "SUCCESS", "risk_level": "LOW", "approved": true}
{"timestamp": "2026-05-02T22:28:32.958874", "agent": "Executor", "action": "print(\"Task: Plan for: Create a tool with syntax error\")\nprint(\"Solution generated successfully!\")", "result": "SUCCESS", "risk_level": "LOW", "approved": true}
{"timestamp": "2026-05-02T22:31:41.592351", "agent": "Executor", "action": "print(\"Task: Plan for: Create a tool with syntax error\")\nprint(\"Solution generated successfully!\")", "result": "SUCCESS", "risk_level": "LOW", "approved": true}
{"timestamp": "2026-05-02T22:34:40.800944", "agent": "Executor", "action": "print(\"Task: Plan for: Create a tool with syntax error\")\nprint(\"Solution generated successfully!\")", "result": "SUCCESS", "risk_level": "LOW", "approved": true}
{"timestamp": "2026-05-02T22:38:11.259549", "agent": "Executor", "action": "print(\"Task: Plan for: Create a tool with syntax error\")\nprint(\"Solution generated successfully!\")", "result": "SUCCESS", "risk_level": "LOW", "approved": true}
{"timestamp": "2026-05-02T22:39:53.921217", "agent": "Executor", "action": "def calculate_square(n):\n    return n * n\n\nprint(calculate_square(5))", "result": "SUCCESS", "risk_level": "LOW", "approved": true}
{"timestamp": "2026-05-02T22:43:24.339013", "agent": "Executor", "action": "def calculate_square(n):\n    return n * n\n\nprint(calculate_square(5))", "result": "SUCCESS", "risk_level": "LOW", "approved": true}
{"timestamp": "2026-05-02T22:45:06.230828", "agent": "Executor", "action": "def calculate_square(n):\n    return n * n\nprint(calculate_square(5))", "result": "SUCCESS", "risk_level": "LOW", "approved": true}
{"timestamp": "2026-05-02T22:46:22.998738", "agent": "Executor", "action": "def calculate_square(n):\n    return n * n\nprint(calculate_square(5))", "result": "SUCCESS", "risk_level": "LOW", "approved": true}
{"timestamp": "2026-05-02T22:47:49.743901", "agent": "Executor", "action": "def calculate_square(n):\n    return n * n\nprint(calculate_square(5))", "result": "SUCCESS", "risk_level": "LOW", "approved": true}
